This is pdfTeX, Version 3.14159265-2.6-1.40.17 (TeX Live 2016/Debian) (preloaded format=pdflatex 2017.6.7)  15 JUN 2017 15:48
entering extended mode
 restricted \write18 enabled.
 %&-line parsing enabled.
**par_sm_2017.tex
(./par_sm_2017.tex
LaTeX2e <2017/01/01> patch level 3
Babel <3.9r> and hyphenation patterns for 83 language(s) loaded.
(/usr/share/texlive/texmf-dist/tex/latex/base/article.cls
Document Class: article 2014/09/29 v1.4h Standard LaTeX document class
(/usr/share/texlive/texmf-dist/tex/latex/base/size12.clo
File: size12.clo 2014/09/29 v1.4h Standard LaTeX file (size option)
)
\c@part=\count79
\c@section=\count80
\c@subsection=\count81
\c@subsubsection=\count82
\c@paragraph=\count83
\c@subparagraph=\count84
\c@figure=\count85
\c@table=\count86
\abovecaptionskip=\skip41
\belowcaptionskip=\skip42
\bibindent=\dimen102
)
(/usr/share/texlive/texmf-dist/tex/latex/tools/tabularx.sty
Package: tabularx 2016/02/03 v2.11 `tabularx' package (DPC)

(/usr/share/texlive/texmf-dist/tex/latex/tools/array.sty
Package: array 2016/10/06 v2.4d Tabular extension package (FMi)
\col@sep=\dimen103
\extrarowheight=\dimen104
\NC@list=\toks14
\extratabsurround=\skip43
\backup@length=\skip44
)
\TX@col@width=\dimen105
\TX@old@table=\dimen106
\TX@old@col=\dimen107
\TX@target=\dimen108
\TX@delta=\dimen109
\TX@cols=\count87
\TX@ftn=\toks15
)
(/usr/share/texlive/texmf-dist/tex/latex/colortbl/colortbl.sty
Package: colortbl 2012/02/13 v1.0a Color table columns (DPC)

(/usr/share/texlive/texmf-dist/tex/latex/graphics/color.sty
Package: color 2016/07/10 v1.1e Standard LaTeX Color (DPC)

(/usr/share/texlive/texmf-dist/tex/latex/graphics-cfg/color.cfg
File: color.cfg 2016/01/02 v1.6 sample color configuration
)
Package color Info: Driver file: pdftex.def on input line 147.

(/usr/share/texlive/texmf-dist/tex/latex/graphics-def/pdftex.def
File: pdftex.def 2017/01/12 v0.06k Graphics/color for pdfTeX

(/usr/share/texlive/texmf-dist/tex/generic/oberdiek/infwarerr.sty
Package: infwarerr 2016/05/16 v1.4 Providing info/warning/error messages (HO)
)
(/usr/share/texlive/texmf-dist/tex/generic/oberdiek/ltxcmds.sty
Package: ltxcmds 2016/05/16 v1.23 LaTeX kernel commands for general use (HO)
)
\Gread@gobject=\count88
))
\everycr=\toks16
\minrowclearance=\skip45
)
(/usr/share/texlive/texmf-dist/tex/latex/multirow/multirow.sty
Package: multirow 2016/11/25 v2.2 Span multiple rows of a table
\multirow@colwidth=\skip46
\multirow@cntb=\count89
\multirow@dima=\skip47
\bigstrutjot=\dimen110
)
(/usr/share/texlive/texmf-dist/tex/latex/listings/listings.sty
(/usr/share/texlive/texmf-dist/tex/latex/graphics/keyval.sty
Package: keyval 2014/10/28 v1.15 key=value parser (DPC)
\KV@toks@=\toks17
)
\lst@mode=\count90
\lst@gtempboxa=\box26
\lst@token=\toks18
\lst@length=\count91
\lst@currlwidth=\dimen111
\lst@column=\count92
\lst@pos=\count93
\lst@lostspace=\dimen112
\lst@width=\dimen113
\lst@newlines=\count94
\lst@lineno=\count95
\lst@maxwidth=\dimen114

(/usr/share/texlive/texmf-dist/tex/latex/listings/lstmisc.sty
File: lstmisc.sty 2015/06/04 1.6 (Carsten Heinz)
\c@lstnumber=\count96
\lst@skipnumbers=\count97
\lst@framebox=\box27
)
(/usr/share/texlive/texmf-dist/tex/latex/listings/listings.cfg
File: listings.cfg 2015/06/04 1.6 listings configuration
))
Package: listings 2015/06/04 1.6 (Carsten Heinz)

(/usr/share/texlive/texmf-dist/tex/latex/pdfpages/pdfpages.sty
Package: pdfpages 2017/01/14 v0.5h Insert pages of external PDF documents (AM)

(/usr/share/texlive/texmf-dist/tex/latex/base/ifthen.sty
Package: ifthen 2014/09/29 v1.1c Standard LaTeX ifthen package (DPC)
)
(/usr/share/texlive/texmf-dist/tex/latex/tools/calc.sty
Package: calc 2014/10/28 v4.3 Infix arithmetic (KKT,FJ)
\calc@Acount=\count98
\calc@Bcount=\count99
\calc@Adimen=\dimen115
\calc@Bdimen=\dimen116
\calc@Askip=\skip48
\calc@Bskip=\skip49
LaTeX Info: Redefining \setlength on input line 80.
LaTeX Info: Redefining \addtolength on input line 81.
\calc@Ccount=\count100
\calc@Cskip=\skip50
)
(/usr/share/texlive/texmf-dist/tex/latex/eso-pic/eso-pic.sty
Package: eso-pic 2015/07/21 v2.0g eso-pic (RN)

(/usr/share/texlive/texmf-dist/tex/generic/oberdiek/atbegshi.sty
Package: atbegshi 2016/06/09 v1.18 At begin shipout hook (HO)

(/usr/share/texlive/texmf-dist/tex/generic/oberdiek/ifpdf.sty
Package: ifpdf 2016/05/14 v3.1 Provides the ifpdf switch
)))
(/usr/share/texlive/texmf-dist/tex/latex/graphics/graphicx.sty
Package: graphicx 2014/10/28 v1.0g Enhanced LaTeX Graphics (DPC,SPQR)

(/usr/share/texlive/texmf-dist/tex/latex/graphics/graphics.sty
Package: graphics 2016/10/09 v1.0u Standard LaTeX Graphics (DPC,SPQR)

(/usr/share/texlive/texmf-dist/tex/latex/graphics/trig.sty
Package: trig 2016/01/03 v1.10 sin cos tan (DPC)
)
(/usr/share/texlive/texmf-dist/tex/latex/graphics-cfg/graphics.cfg
File: graphics.cfg 2016/06/04 v1.11 sample graphics configuration
)
Package graphics Info: Driver file: pdftex.def on input line 99.
)
\Gin@req@height=\dimen117
\Gin@req@width=\dimen118
)
\AM@pagewidth=\dimen119
\AM@pageheight=\dimen120

(/usr/share/texlive/texmf-dist/tex/latex/pdfpages/pppdftex.def
File: pppdftex.def 2017/01/14 v0.5h Pdfpages driver for pdfTeX (AM)
)
\AM@pagebox=\box28
\AM@global@opts=\toks19
\AM@toc@title=\toks20
\c@AM@survey=\count101
\AM@templatesizebox=\box29
)
(/usr/share/texlive/texmf-dist/tex/latex/base/inputenc.sty
Package: inputenc 2015/03/17 v1.2c Input encoding file
\inpenc@prehook=\toks21
\inpenc@posthook=\toks22

(/usr/share/texlive/texmf-dist/tex/latex/base/utf8.def
File: utf8.def 2017/01/28 v1.1t UTF-8 support for inputenc
Now handling font encoding OML ...
... no UTF-8 mapping file for font encoding OML
Now handling font encoding T1 ...
... processing UTF-8 mapping file for font encoding T1

(/usr/share/texlive/texmf-dist/tex/latex/base/t1enc.dfu
File: t1enc.dfu 2017/01/28 v1.1t UTF-8 support for inputenc
   defining Unicode char U+00A0 (decimal 160)
   defining Unicode char U+00A1 (decimal 161)
   defining Unicode char U+00A3 (decimal 163)
   defining Unicode char U+00AB (decimal 171)
   defining Unicode char U+00AD (decimal 173)
   defining Unicode char U+00BB (decimal 187)
   defining Unicode char U+00BF (decimal 191)
   defining Unicode char U+00C0 (decimal 192)
   defining Unicode char U+00C1 (decimal 193)
   defining Unicode char U+00C2 (decimal 194)
   defining Unicode char U+00C3 (decimal 195)
   defining Unicode char U+00C4 (decimal 196)
   defining Unicode char U+00C5 (decimal 197)
   defining Unicode char U+00C6 (decimal 198)
   defining Unicode char U+00C7 (decimal 199)
   defining Unicode char U+00C8 (decimal 200)
   defining Unicode char U+00C9 (decimal 201)
   defining Unicode char U+00CA (decimal 202)
   defining Unicode char U+00CB (decimal 203)
   defining Unicode char U+00CC (decimal 204)
   defining Unicode char U+00CD (decimal 205)
   defining Unicode char U+00CE (decimal 206)
   defining Unicode char U+00CF (decimal 207)
   defining Unicode char U+00D0 (decimal 208)
   defining Unicode char U+00D1 (decimal 209)
   defining Unicode char U+00D2 (decimal 210)
   defining Unicode char U+00D3 (decimal 211)
   defining Unicode char U+00D4 (decimal 212)
   defining Unicode char U+00D5 (decimal 213)
   defining Unicode char U+00D6 (decimal 214)
   defining Unicode char U+00D8 (decimal 216)
   defining Unicode char U+00D9 (decimal 217)
   defining Unicode char U+00DA (decimal 218)
   defining Unicode char U+00DB (decimal 219)
   defining Unicode char U+00DC (decimal 220)
   defining Unicode char U+00DD (decimal 221)
   defining Unicode char U+00DE (decimal 222)
   defining Unicode char U+00DF (decimal 223)
   defining Unicode char U+00E0 (decimal 224)
   defining Unicode char U+00E1 (decimal 225)
   defining Unicode char U+00E2 (decimal 226)
   defining Unicode char U+00E3 (decimal 227)
   defining Unicode char U+00E4 (decimal 228)
   defining Unicode char U+00E5 (decimal 229)
   defining Unicode char U+00E6 (decimal 230)
   defining Unicode char U+00E7 (decimal 231)
   defining Unicode char U+00E8 (decimal 232)
   defining Unicode char U+00E9 (decimal 233)
   defining Unicode char U+00EA (decimal 234)
   defining Unicode char U+00EB (decimal 235)
   defining Unicode char U+00EC (decimal 236)
   defining Unicode char U+00ED (decimal 237)
   defining Unicode char U+00EE (decimal 238)
   defining Unicode char U+00EF (decimal 239)
   defining Unicode char U+00F0 (decimal 240)
   defining Unicode char U+00F1 (decimal 241)
   defining Unicode char U+00F2 (decimal 242)
   defining Unicode char U+00F3 (decimal 243)
   defining Unicode char U+00F4 (decimal 244)
   defining Unicode char U+00F5 (decimal 245)
   defining Unicode char U+00F6 (decimal 246)
   defining Unicode char U+00F8 (decimal 248)
   defining Unicode char U+00F9 (decimal 249)
   defining Unicode char U+00FA (decimal 250)
   defining Unicode char U+00FB (decimal 251)
   defining Unicode char U+00FC (decimal 252)
   defining Unicode char U+00FD (decimal 253)
   defining Unicode char U+00FE (decimal 254)
   defining Unicode char U+00FF (decimal 255)
   defining Unicode char U+0100 (decimal 256)
   defining Unicode char U+0101 (decimal 257)
   defining Unicode char U+0102 (decimal 258)
   defining Unicode char U+0103 (decimal 259)
   defining Unicode char U+0104 (decimal 260)
   defining Unicode char U+0105 (decimal 261)
   defining Unicode char U+0106 (decimal 262)
   defining Unicode char U+0107 (decimal 263)
   defining Unicode char U+0108 (decimal 264)
   defining Unicode char U+0109 (decimal 265)
   defining Unicode char U+010A (decimal 266)
   defining Unicode char U+010B (decimal 267)
   defining Unicode char U+010C (decimal 268)
   defining Unicode char U+010D (decimal 269)
   defining Unicode char U+010E (decimal 270)
   defining Unicode char U+010F (decimal 271)
   defining Unicode char U+0110 (decimal 272)
   defining Unicode char U+0111 (decimal 273)
   defining Unicode char U+0112 (decimal 274)
   defining Unicode char U+0113 (decimal 275)
   defining Unicode char U+0114 (decimal 276)
   defining Unicode char U+0115 (decimal 277)
   defining Unicode char U+0116 (decimal 278)
   defining Unicode char U+0117 (decimal 279)
   defining Unicode char U+0118 (decimal 280)
   defining Unicode char U+0119 (decimal 281)
   defining Unicode char U+011A (decimal 282)
   defining Unicode char U+011B (decimal 283)
   defining Unicode char U+011C (decimal 284)
   defining Unicode char U+011D (decimal 285)
   defining Unicode char U+011E (decimal 286)
   defining Unicode char U+011F (decimal 287)
   defining Unicode char U+0120 (decimal 288)
   defining Unicode char U+0121 (decimal 289)
   defining Unicode char U+0122 (decimal 290)
   defining Unicode char U+0123 (decimal 291)
   defining Unicode char U+0124 (decimal 292)
   defining Unicode char U+0125 (decimal 293)
   defining Unicode char U+0128 (decimal 296)
   defining Unicode char U+0129 (decimal 297)
   defining Unicode char U+012A (decimal 298)
   defining Unicode char U+012B (decimal 299)
   defining Unicode char U+012C (decimal 300)
   defining Unicode char U+012D (decimal 301)
   defining Unicode char U+012E (decimal 302)
   defining Unicode char U+012F (decimal 303)
   defining Unicode char U+0130 (decimal 304)
   defining Unicode char U+0131 (decimal 305)
   defining Unicode char U+0132 (decimal 306)
   defining Unicode char U+0133 (decimal 307)
   defining Unicode char U+0134 (decimal 308)
   defining Unicode char U+0135 (decimal 309)
   defining Unicode char U+0136 (decimal 310)
   defining Unicode char U+0137 (decimal 311)
   defining Unicode char U+0139 (decimal 313)
   defining Unicode char U+013A (decimal 314)
   defining Unicode char U+013B (decimal 315)
   defining Unicode char U+013C (decimal 316)
   defining Unicode char U+013D (decimal 317)
   defining Unicode char U+013E (decimal 318)
   defining Unicode char U+0141 (decimal 321)
   defining Unicode char U+0142 (decimal 322)
   defining Unicode char U+0143 (decimal 323)
   defining Unicode char U+0144 (decimal 324)
   defining Unicode char U+0145 (decimal 325)
   defining Unicode char U+0146 (decimal 326)
   defining Unicode char U+0147 (decimal 327)
   defining Unicode char U+0148 (decimal 328)
   defining Unicode char U+014A (decimal 330)
   defining Unicode char U+014B (decimal 331)
   defining Unicode char U+014C (decimal 332)
   defining Unicode char U+014D (decimal 333)
   defining Unicode char U+014E (decimal 334)
   defining Unicode char U+014F (decimal 335)
   defining Unicode char U+0150 (decimal 336)
   defining Unicode char U+0151 (decimal 337)
   defining Unicode char U+0152 (decimal 338)
   defining Unicode char U+0153 (decimal 339)
   defining Unicode char U+0154 (decimal 340)
   defining Unicode char U+0155 (decimal 341)
   defining Unicode char U+0156 (decimal 342)
   defining Unicode char U+0157 (decimal 343)
   defining Unicode char U+0158 (decimal 344)
   defining Unicode char U+0159 (decimal 345)
   defining Unicode char U+015A (decimal 346)
   defining Unicode char U+015B (decimal 347)
   defining Unicode char U+015C (decimal 348)
   defining Unicode char U+015D (decimal 349)
   defining Unicode char U+015E (decimal 350)
   defining Unicode char U+015F (decimal 351)
   defining Unicode char U+0160 (decimal 352)
   defining Unicode char U+0161 (decimal 353)
   defining Unicode char U+0162 (decimal 354)
   defining Unicode char U+0163 (decimal 355)
   defining Unicode char U+0164 (decimal 356)
   defining Unicode char U+0165 (decimal 357)
   defining Unicode char U+0168 (decimal 360)
   defining Unicode char U+0169 (decimal 361)
   defining Unicode char U+016A (decimal 362)
   defining Unicode char U+016B (decimal 363)
   defining Unicode char U+016C (decimal 364)
   defining Unicode char U+016D (decimal 365)
   defining Unicode char U+016E (decimal 366)
   defining Unicode char U+016F (decimal 367)
   defining Unicode char U+0170 (decimal 368)
   defining Unicode char U+0171 (decimal 369)
   defining Unicode char U+0172 (decimal 370)
   defining Unicode char U+0173 (decimal 371)
   defining Unicode char U+0174 (decimal 372)
   defining Unicode char U+0175 (decimal 373)
   defining Unicode char U+0176 (decimal 374)
   defining Unicode char U+0177 (decimal 375)
   defining Unicode char U+0178 (decimal 376)
   defining Unicode char U+0179 (decimal 377)
   defining Unicode char U+017A (decimal 378)
   defining Unicode char U+017B (decimal 379)
   defining Unicode char U+017C (decimal 380)
   defining Unicode char U+017D (decimal 381)
   defining Unicode char U+017E (decimal 382)
   defining Unicode char U+01CD (decimal 461)
   defining Unicode char U+01CE (decimal 462)
   defining Unicode char U+01CF (decimal 463)
   defining Unicode char U+01D0 (decimal 464)
   defining Unicode char U+01D1 (decimal 465)
   defining Unicode char U+01D2 (decimal 466)
   defining Unicode char U+01D3 (decimal 467)
   defining Unicode char U+01D4 (decimal 468)
   defining Unicode char U+01E2 (decimal 482)
   defining Unicode char U+01E3 (decimal 483)
   defining Unicode char U+01E6 (decimal 486)
   defining Unicode char U+01E7 (decimal 487)
   defining Unicode char U+01E8 (decimal 488)
   defining Unicode char U+01E9 (decimal 489)
   defining Unicode char U+01EA (decimal 490)
   defining Unicode char U+01EB (decimal 491)
   defining Unicode char U+01F0 (decimal 496)
   defining Unicode char U+01F4 (decimal 500)
   defining Unicode char U+01F5 (decimal 501)
   defining Unicode char U+0218 (decimal 536)
   defining Unicode char U+0219 (decimal 537)
   defining Unicode char U+021A (decimal 538)
   defining Unicode char U+021B (decimal 539)
   defining Unicode char U+0232 (decimal 562)
   defining Unicode char U+0233 (decimal 563)
   defining Unicode char U+1E02 (decimal 7682)
   defining Unicode char U+1E03 (decimal 7683)
   defining Unicode char U+200C (decimal 8204)
   defining Unicode char U+2010 (decimal 8208)
   defining Unicode char U+2011 (decimal 8209)
   defining Unicode char U+2012 (decimal 8210)
   defining Unicode char U+2013 (decimal 8211)
   defining Unicode char U+2014 (decimal 8212)
   defining Unicode char U+2015 (decimal 8213)
   defining Unicode char U+2018 (decimal 8216)
   defining Unicode char U+2019 (decimal 8217)
   defining Unicode char U+201A (decimal 8218)
   defining Unicode char U+201C (decimal 8220)
   defining Unicode char U+201D (decimal 8221)
   defining Unicode char U+201E (decimal 8222)
   defining Unicode char U+2030 (decimal 8240)
   defining Unicode char U+2031 (decimal 8241)
   defining Unicode char U+2039 (decimal 8249)
   defining Unicode char U+203A (decimal 8250)
   defining Unicode char U+2423 (decimal 9251)
   defining Unicode char U+1E20 (decimal 7712)
   defining Unicode char U+1E21 (decimal 7713)
)
Now handling font encoding OT1 ...
... processing UTF-8 mapping file for font encoding OT1

(/usr/share/texlive/texmf-dist/tex/latex/base/ot1enc.dfu
File: ot1enc.dfu 2017/01/28 v1.1t UTF-8 support for inputenc
   defining Unicode char U+00A0 (decimal 160)
   defining Unicode char U+00A1 (decimal 161)
   defining Unicode char U+00A3 (decimal 163)
   defining Unicode char U+00AD (decimal 173)
   defining Unicode char U+00B8 (decimal 184)
   defining Unicode char U+00BF (decimal 191)
   defining Unicode char U+00C5 (decimal 197)
   defining Unicode char U+00C6 (decimal 198)
   defining Unicode char U+00D8 (decimal 216)
   defining Unicode char U+00DF (decimal 223)
   defining Unicode char U+00E6 (decimal 230)
   defining Unicode char U+00EC (decimal 236)
   defining Unicode char U+00ED (decimal 237)
   defining Unicode char U+00EE (decimal 238)
   defining Unicode char U+00EF (decimal 239)
   defining Unicode char U+00F8 (decimal 248)
   defining Unicode char U+0131 (decimal 305)
   defining Unicode char U+0141 (decimal 321)
   defining Unicode char U+0142 (decimal 322)
   defining Unicode char U+0152 (decimal 338)
   defining Unicode char U+0153 (decimal 339)
   defining Unicode char U+0174 (decimal 372)
   defining Unicode char U+0175 (decimal 373)
   defining Unicode char U+0176 (decimal 374)
   defining Unicode char U+0177 (decimal 375)
   defining Unicode char U+0218 (decimal 536)
   defining Unicode char U+0219 (decimal 537)
   defining Unicode char U+021A (decimal 538)
   defining Unicode char U+021B (decimal 539)
   defining Unicode char U+2013 (decimal 8211)
   defining Unicode char U+2014 (decimal 8212)
   defining Unicode char U+2018 (decimal 8216)
   defining Unicode char U+2019 (decimal 8217)
   defining Unicode char U+201C (decimal 8220)
   defining Unicode char U+201D (decimal 8221)
)
Now handling font encoding OMS ...
... processing UTF-8 mapping file for font encoding OMS

(/usr/share/texlive/texmf-dist/tex/latex/base/omsenc.dfu
File: omsenc.dfu 2017/01/28 v1.1t UTF-8 support for inputenc
   defining Unicode char U+00A7 (decimal 167)
   defining Unicode char U+00B6 (decimal 182)
   defining Unicode char U+00B7 (decimal 183)
   defining Unicode char U+2020 (decimal 8224)
   defining Unicode char U+2021 (decimal 8225)
   defining Unicode char U+2022 (decimal 8226)
)
Now handling font encoding OMX ...
... no UTF-8 mapping file for font encoding OMX
Now handling font encoding U ...
... no UTF-8 mapping file for font encoding U
   defining Unicode char U+00A9 (decimal 169)
   defining Unicode char U+00AA (decimal 170)
   defining Unicode char U+00AE (decimal 174)
   defining Unicode char U+00BA (decimal 186)
   defining Unicode char U+02C6 (decimal 710)
   defining Unicode char U+02DC (decimal 732)
   defining Unicode char U+200C (decimal 8204)
   defining Unicode char U+2026 (decimal 8230)
   defining Unicode char U+2122 (decimal 8482)
   defining Unicode char U+2423 (decimal 9251)
))
(/usr/share/texlive/texmf-dist/tex/latex/base/fontenc.sty
Package: fontenc 2017/02/22 v2.0g Standard LaTeX package

(/usr/share/texlive/texmf-dist/tex/latex/base/t1enc.def
File: t1enc.def 2017/02/22 v2.0g Standard LaTeX file
LaTeX Font Info:    Redeclaring font encoding T1 on input line 48.
))
(/usr/share/texlive/texmf-dist/tex/latex/listings/lstlang1.sty
File: lstlang1.sty 2015/06/04 1.6 listings language file
)
(./par_sm_2017.aux)
\openout1 = `par_sm_2017.aux'.

LaTeX Font Info:    Checking defaults for OML/cmm/m/it on input line 25.
LaTeX Font Info:    ... okay on input line 25.
LaTeX Font Info:    Checking defaults for T1/cmr/m/n on input line 25.
LaTeX Font Info:    ... okay on input line 25.
LaTeX Font Info:    Checking defaults for OT1/cmr/m/n on input line 25.
LaTeX Font Info:    ... okay on input line 25.
LaTeX Font Info:    Checking defaults for OMS/cmsy/m/n on input line 25.
LaTeX Font Info:    ... okay on input line 25.
LaTeX Font Info:    Checking defaults for OMX/cmex/m/n on input line 25.
LaTeX Font Info:    ... okay on input line 25.
LaTeX Font Info:    Checking defaults for U/cmr/m/n on input line 25.
LaTeX Font Info:    ... okay on input line 25.

(/usr/share/texlive/texmf-dist/tex/context/base/mkii/supp-pdf.mkii
[Loading MPS to PDF converter (version 2006.09.02).]
\scratchcounter=\count102
\scratchdimen=\dimen121
\scratchbox=\box30
\nofMPsegments=\count103
\nofMParguments=\count104
\everyMPshowfont=\toks23
\MPscratchCnt=\count105
\MPscratchDim=\dimen122
\MPnumerator=\count106
\makeMPintoPDFobject=\count107
\everyMPtoPDFconversion=\toks24
) (/usr/share/texlive/texmf-dist/tex/generic/oberdiek/pdftexcmds.sty
Package: pdftexcmds 2016/05/21 v0.22 Utility functions of pdfTeX for LuaTeX (HO
)

(/usr/share/texlive/texmf-dist/tex/generic/oberdiek/ifluatex.sty
Package: ifluatex 2016/05/16 v1.4 Provides the ifluatex switch (HO)
Package ifluatex Info: LuaTeX not detected.
)
Package pdftexcmds Info: LuaTeX not detected.
Package pdftexcmds Info: \pdf@primitive is available.
Package pdftexcmds Info: \pdf@ifprimitive is available.
Package pdftexcmds Info: \pdfdraftmode found.
)
(/usr/share/texlive/texmf-dist/tex/latex/oberdiek/epstopdf-base.sty
Package: epstopdf-base 2016/05/15 v2.6 Base part for package epstopdf

(/usr/share/texlive/texmf-dist/tex/latex/oberdiek/grfext.sty
Package: grfext 2016/05/16 v1.2 Manage graphics extensions (HO)

(/usr/share/texlive/texmf-dist/tex/generic/oberdiek/kvdefinekeys.sty
Package: kvdefinekeys 2016/05/16 v1.4 Define keys (HO)
))
(/usr/share/texlive/texmf-dist/tex/latex/oberdiek/kvoptions.sty
Package: kvoptions 2016/05/16 v3.12 Key value format for package options (HO)

(/usr/share/texlive/texmf-dist/tex/generic/oberdiek/kvsetkeys.sty
Package: kvsetkeys 2016/05/16 v1.17 Key value parser (HO)

(/usr/share/texlive/texmf-dist/tex/generic/oberdiek/etexcmds.sty
Package: etexcmds 2016/05/16 v1.6 Avoid name clashes with e-TeX commands (HO)
Package etexcmds Info: Could not find \expanded.
(etexcmds)             That can mean that you are not using pdfTeX 1.50 or
(etexcmds)             that some package has redefined \expanded.
(etexcmds)             In the latter case, load this package earlier.
)))
Package epstopdf-base Info: Redefining graphics rule for `.eps' on input line 4
38.
Package grfext Info: Graphics extension search list:
(grfext)             [.png,.pdf,.jpg,.mps,.jpeg,.jbig2,.jb2,.PNG,.PDF,.JPG,.JPE
G,.JBIG2,.JB2,.eps]
(grfext)             \AppendGraphicsExtensions on input line 456.

(/usr/share/texlive/texmf-dist/tex/latex/latexconfig/epstopdf-sys.cfg
File: epstopdf-sys.cfg 2010/07/13 v1.3 Configuration of (r)epstopdf for TeX Liv
e
))
\c@lstlisting=\count108
\AtBeginShipoutBox=\box31

(/usr/share/texlive/texmf-dist/tex/latex/oberdiek/pdflscape.sty
Package: pdflscape 2016/05/14 v0.11 Display of landscape pages in PDF (HO)

(/usr/share/texlive/texmf-dist/tex/latex/graphics/lscape.sty
Package: lscape 2000/10/22 v3.01 Landscape Pages (DPC)
)
Package pdflscape Info: Auto-detected driver: pdftex on input line 81.

(/usr/share/texlive/texmf-dist/tex/generic/ifxetex/ifxetex.sty
Package: ifxetex 2010/09/12 v0.6 Provides ifxetex conditional
))
LaTeX Font Info:    External font `cmex10' loaded for size
(Font)              <14.4> on input line 27.
LaTeX Font Info:    External font `cmex10' loaded for size
(Font)              <7> on input line 27.

<p_vtt.pdf, id=1, 597.23125pt x 844.15375pt>
File: p_vtt.pdf Graphic file (type pdf)
 <use p_vtt.pdf>
Package pdftex.def Info: p_vtt.pdf used on input line 34.
(pdftex.def)             Requested size: 597.22978pt x 844.15169pt.
File: p_vtt.pdf Graphic file (type pdf)
 <use p_vtt.pdf>
Package pdftex.def Info: p_vtt.pdf used on input line 34.
(pdftex.def)             Requested size: 597.22978pt x 844.15169pt.

<p_vtt.pdf, id=4, page=1, 597.23125pt x 844.15375pt>
File: p_vtt.pdf Graphic file (type pdf)
 <use p_vtt.pdf, page 1>
Package pdftex.def Info: p_vtt.pdf, page1 used on input line 34.
(pdftex.def)             Requested size: 597.22978pt x 844.15169pt.
File: p_vtt.pdf Graphic file (type pdf)

<use p_vtt.pdf, page 1>
Package pdftex.def Info: p_vtt.pdf, page1 used on input line 34.
(pdftex.def)             Requested size: 562.52745pt x 795.10185pt.
 [1

{/var/lib/texmf/fonts/map/pdftex/updmap/pdftex.map}]
File: p_vtt.pdf Graphic file (type pdf)

<use p_vtt.pdf, page 1>
Package pdftex.def Info: p_vtt.pdf, page1 used on input line 34.
(pdftex.def)             Requested size: 562.52745pt x 795.10185pt.
File: p_vtt.pdf Graphic file (type pdf)
 <use p_vtt.pdf, page 1>
Package pdftex.def Info: p_vtt.pdf, page1 used on input line 34.
(pdftex.def)             Requested size: 562.52745pt x 795.10185pt.
File: p_vtt.pdf Graphic file (type pdf)
 <use p_vtt.pdf, page 1>
Package pdftex.def Info: p_vtt.pdf, page1 used on input line 34.
(pdftex.def)             Requested size: 562.52745pt x 795.10185pt.

[2 <./p_vtt.pdf>] <g_vtt.pdf, id=225, 597.23125pt x 844.15375pt>
File: g_vtt.pdf Graphic file (type pdf)

<use g_vtt.pdf>
Package pdftex.def Info: g_vtt.pdf used on input line 37.
(pdftex.def)             Requested size: 597.22978pt x 844.15169pt.
File: g_vtt.pdf Graphic file (type pdf)
 <use g_vtt.pdf>
Package pdftex.def Info: g_vtt.pdf used on input line 37.
(pdftex.def)             Requested size: 597.22978pt x 844.15169pt.

<g_vtt.pdf, id=228, page=1, 597.23125pt x 844.15375pt>
File: g_vtt.pdf Graphic file (type pdf)
 <use g_vtt.pdf, page 1>
Package pdftex.def Info: g_vtt.pdf, page1 used on input line 37.
(pdftex.def)             Requested size: 597.22978pt x 844.15169pt.
File: g_vtt.pdf Graphic file (type pdf)

<use g_vtt.pdf, page 1>
Package pdftex.def Info: g_vtt.pdf, page1 used on input line 37.
(pdftex.def)             Requested size: 562.52745pt x 795.10185pt.
 [3]
File: g_vtt.pdf Graphic file (type pdf)
 <use g_vtt.pdf, page 1>
Package pdftex.def Info: g_vtt.pdf, page1 used on input line 37.
(pdftex.def)             Requested size: 562.52745pt x 795.10185pt.
File: g_vtt.pdf Graphic file (type pdf)
 <use g_vtt.pdf, page 1>
Package pdftex.def Info: g_vtt.pdf, page1 used on input line 37.
(pdftex.def)             Requested size: 562.52745pt x 795.10185pt.
File: g_vtt.pdf Graphic file (type pdf)

<use g_vtt.pdf, page 1>
Package pdftex.def Info: g_vtt.pdf, page1 used on input line 37.
(pdftex.def)             Requested size: 562.52745pt x 795.10185pt.
 [4 <./g_vtt.pdf>]
<p_velo.pdf, id=488, 794.97pt x 614.295pt>
File: p_velo.pdf Graphic file (type pdf)
 <use p_velo.pdf>
Package pdftex.def Info: p_velo.pdf used on input line 43.
(pdftex.def)             Requested size: 794.96806pt x 614.29349pt.
File: p_velo.pdf Graphic file (type pdf)
 <use p_velo.pdf>
Package pdftex.def Info: p_velo.pdf used on input line 43.
(pdftex.def)             Requested size: 794.96806pt x 614.29349pt.

<p_velo.pdf, id=491, page=1, 794.97pt x 614.295pt>
File: p_velo.pdf Graphic file (type pdf)
 <use p_velo.pdf, page 1>
Package pdftex.def Info: p_velo.pdf, page1 used on input line 43.
(pdftex.def)             Requested size: 794.96806pt x 614.29349pt.
File: p_velo.pdf Graphic file (type pdf)

<use p_velo.pdf, page 1>
Package pdftex.def Info: p_velo.pdf, page1 used on input line 43.
(pdftex.def)             Requested size: 615.04005pt x 475.25821pt.
 [5]
File: p_velo.pdf Graphic file (type pdf)
 <use p_velo.pdf, page 1>
Package pdftex.def Info: p_velo.pdf, page1 used on input line 43.
(pdftex.def)             Requested size: 615.04005pt x 475.25821pt.
File: p_velo.pdf Graphic file (type pdf)
 <use p_velo.pdf, page 1>
Package pdftex.def Info: p_velo.pdf, page1 used on input line 43.
(pdftex.def)             Requested size: 615.04005pt x 475.25821pt.
File: p_velo.pdf Graphic file (type pdf)

<use p_velo.pdf, page 1>
Package pdftex.def Info: p_velo.pdf, page1 used on input line 43.
(pdftex.def)             Requested size: 615.04005pt x 475.25821pt.
 [6 <./p_velo.pdf>]
<p_velo.pdf, id=510, page=2, 614.295pt x 794.97pt>
File: p_velo.pdf Graphic file (type pdf)
 <use p_velo.pdf, page 2>
Package pdftex.def Info: p_velo.pdf, page2 used on input line 43.
(pdftex.def)             Requested size: 475.25821pt x 615.04005pt.
File: p_velo.pdf Graphic file (type pdf)

<use p_velo.pdf, page 2>
Package pdftex.def Info: p_velo.pdf, page2 used on input line 43.
(pdftex.def)             Requested size: 475.25821pt x 615.04005pt.
File: p_velo.pdf Graphic file (type pdf)
 <use p_velo.pdf, page 2>
Package pdftex.def Info: p_velo.pdf, page2 used on input line 43.
(pdftex.def)             Requested size: 475.25821pt x 615.04005pt.
 [7 <./p_velo.pdf>]
<p_velo.pdf, id=523, page=3, 614.295pt x 794.97pt>
File: p_velo.pdf Graphic file (type pdf)
 <use p_velo.pdf, page 3>
Package pdftex.def Info: p_velo.pdf, page3 used on input line 43.
(pdftex.def)             Requested size: 475.25821pt x 615.04005pt.
File: p_velo.pdf Graphic file (type pdf)

<use p_velo.pdf, page 3>
Package pdftex.def Info: p_velo.pdf, page3 used on input line 43.
(pdftex.def)             Requested size: 475.25821pt x 615.04005pt.
File: p_velo.pdf Graphic file (type pdf)
 <use p_velo.pdf, page 3>
Package pdftex.def Info: p_velo.pdf, page3 used on input line 43.
(pdftex.def)             Requested size: 475.25821pt x 615.04005pt.
 [8 <./p_velo.pdf>]
<g_velo.pdf, id=529, 794.97pt x 614.295pt>
File: g_velo.pdf Graphic file (type pdf)
 <use g_velo.pdf>
Package pdftex.def Info: g_velo.pdf used on input line 46.
(pdftex.def)             Requested size: 794.96806pt x 614.29349pt.
File: g_velo.pdf Graphic file (type pdf)
 <use g_velo.pdf>
Package pdftex.def Info: g_velo.pdf used on input line 46.
(pdftex.def)             Requested size: 794.96806pt x 614.29349pt.

<g_velo.pdf, id=532, page=1, 794.97pt x 614.295pt>
File: g_velo.pdf Graphic file (type pdf)
 <use g_velo.pdf, page 1>
Package pdftex.def Info: g_velo.pdf, page1 used on input line 46.
(pdftex.def)             Requested size: 794.96806pt x 614.29349pt.
File: g_velo.pdf Graphic file (type pdf)

<use g_velo.pdf, page 1>
Package pdftex.def Info: g_velo.pdf, page1 used on input line 46.
(pdftex.def)             Requested size: 615.04005pt x 475.25821pt.
 [9]
File: g_velo.pdf Graphic file (type pdf)
 <use g_velo.pdf, page 1>
Package pdftex.def Info: g_velo.pdf, page1 used on input line 46.
(pdftex.def)             Requested size: 615.04005pt x 475.25821pt.
File: g_velo.pdf Graphic file (type pdf)
 <use g_velo.pdf, page 1>
Package pdftex.def Info: g_velo.pdf, page1 used on input line 46.
(pdftex.def)             Requested size: 615.04005pt x 475.25821pt.
File: g_velo.pdf Graphic file (type pdf)

<use g_velo.pdf, page 1>
Package pdftex.def Info: g_velo.pdf, page1 used on input line 46.
(pdftex.def)             Requested size: 615.04005pt x 475.25821pt.
 [10 <./g_velo.pdf>]
<g_velo.pdf, id=551, page=2, 614.295pt x 794.97pt>
File: g_velo.pdf Graphic file (type pdf)
 <use g_velo.pdf, page 2>
Package pdftex.def Info: g_velo.pdf, page2 used on input line 46.
(pdftex.def)             Requested size: 475.25821pt x 615.04005pt.
File: g_velo.pdf Graphic file (type pdf)

<use g_velo.pdf, page 2>
Package pdftex.def Info: g_velo.pdf, page2 used on input line 46.
(pdftex.def)             Requested size: 475.25821pt x 615.04005pt.
File: g_velo.pdf Graphic file (type pdf)
 <use g_velo.pdf, page 2>
Package pdftex.def Info: g_velo.pdf, page2 used on input line 46.
(pdftex.def)             Requested size: 475.25821pt x 615.04005pt.
 [11 <./g_velo.pdf>]
<g_velo.pdf, id=563, page=3, 614.295pt x 794.97pt>
File: g_velo.pdf Graphic file (type pdf)
 <use g_velo.pdf, page 3>
Package pdftex.def Info: g_velo.pdf, page3 used on input line 46.
(pdftex.def)             Requested size: 475.25821pt x 615.04005pt.
File: g_velo.pdf Graphic file (type pdf)

<use g_velo.pdf, page 3>
Package pdftex.def Info: g_velo.pdf, page3 used on input line 46.
(pdftex.def)             Requested size: 475.25821pt x 615.04005pt.
File: g_velo.pdf Graphic file (type pdf)
 <use g_velo.pdf, page 3>
Package pdftex.def Info: g_velo.pdf, page3 used on input line 46.
(pdftex.def)             Requested size: 475.25821pt x 615.04005pt.
 [12 <./g_velo.pdf>]
<p_marche.pdf, id=569, 597.23125pt x 844.15375pt>
File: p_marche.pdf Graphic file (type pdf)
 <use p_marche.pdf>
Package pdftex.def Info: p_marche.pdf used on input line 52.
(pdftex.def)             Requested size: 597.22978pt x 844.15169pt.
File: p_marche.pdf Graphic file (type pdf)

<use p_marche.pdf>
Package pdftex.def Info: p_marche.pdf used on input line 52.
(pdftex.def)             Requested size: 597.22978pt x 844.15169pt.
 <p_marche.pdf, id=572, page=1, 597.23125pt x 844.15375pt>
File: p_marche.pdf Graphic file (type pdf)

<use p_marche.pdf, page 1>
Package pdftex.def Info: p_marche.pdf, page1 used on input line 52.
(pdftex.def)             Requested size: 597.22978pt x 844.15169pt.
File: p_marche.pdf Graphic file (type pdf)
 <use p_marche.pdf, page 1>
Package pdftex.def Info: p_marche.pdf, page1 used on input line 52.
(pdftex.def)             Requested size: 562.52745pt x 795.10185pt.
 [13]
File: p_marche.pdf Graphic file (type pdf)

<use p_marche.pdf, page 1>
Package pdftex.def Info: p_marche.pdf, page1 used on input line 52.
(pdftex.def)             Requested size: 562.52745pt x 795.10185pt.
File: p_marche.pdf Graphic file (type pdf)
 <use p_marche.pdf, page 1>
Package pdftex.def Info: p_marche.pdf, page1 used on input line 52.
(pdftex.def)             Requested size: 562.52745pt x 795.10185pt.
File: p_marche.pdf Graphic file (type pdf)

<use p_marche.pdf, page 1>
Package pdftex.def Info: p_marche.pdf, page1 used on input line 52.
(pdftex.def)             Requested size: 562.52745pt x 795.10185pt.
 [14 <./p_marche.pdf>]
<m_marche.pdf, id=818, 597.23125pt x 844.15375pt>
File: m_marche.pdf Graphic file (type pdf)
 <use m_marche.pdf>
Package pdftex.def Info: m_marche.pdf used on input line 55.
(pdftex.def)             Requested size: 597.22978pt x 844.15169pt.
File: m_marche.pdf Graphic file (type pdf)

<use m_marche.pdf>
Package pdftex.def Info: m_marche.pdf used on input line 55.
(pdftex.def)             Requested size: 597.22978pt x 844.15169pt.
 <m_marche.pdf, id=821, page=1, 597.23125pt x 844.15375pt>
File: m_marche.pdf Graphic file (type pdf)

<use m_marche.pdf, page 1>
Package pdftex.def Info: m_marche.pdf, page1 used on input line 55.
(pdftex.def)             Requested size: 597.22978pt x 844.15169pt.
File: m_marche.pdf Graphic file (type pdf)
 <use m_marche.pdf, page 1>
Package pdftex.def Info: m_marche.pdf, page1 used on input line 55.
(pdftex.def)             Requested size: 562.52745pt x 795.10185pt.
 [15]
File: m_marche.pdf Graphic file (type pdf)

<use m_marche.pdf, page 1>
Package pdftex.def Info: m_marche.pdf, page1 used on input line 55.
(pdftex.def)             Requested size: 562.52745pt x 795.10185pt.
File: m_marche.pdf Graphic file (type pdf)
 <use m_marche.pdf, page 1>
Package pdftex.def Info: m_marche.pdf, page1 used on input line 55.
(pdftex.def)             Requested size: 562.52745pt x 795.10185pt.
File: m_marche.pdf Graphic file (type pdf)

<use m_marche.pdf, page 1>
Package pdftex.def Info: m_marche.pdf, page1 used on input line 55.
(pdftex.def)             Requested size: 562.52745pt x 795.10185pt.
 [16 <./m_marche.pdf>]
<g_marche.pdf, id=1047, 597.23125pt x 844.15375pt>
File: g_marche.pdf Graphic file (type pdf)
 <use g_marche.pdf>
Package pdftex.def Info: g_marche.pdf used on input line 58.
(pdftex.def)             Requested size: 597.22978pt x 844.15169pt.
File: g_marche.pdf Graphic file (type pdf)

<use g_marche.pdf>
Package pdftex.def Info: g_marche.pdf used on input line 58.
(pdftex.def)             Requested size: 597.22978pt x 844.15169pt.
 <g_marche.pdf, id=1050, page=1, 597.23125pt x 844.15375pt>
File: g_marche.pdf Graphic file (type pdf)

<use g_marche.pdf, page 1>
Package pdftex.def Info: g_marche.pdf, page1 used on input line 58.
(pdftex.def)             Requested size: 597.22978pt x 844.15169pt.
File: g_marche.pdf Graphic file (type pdf)
 <use g_marche.pdf, page 1>
Package pdftex.def Info: g_marche.pdf, page1 used on input line 58.
(pdftex.def)             Requested size: 562.52745pt x 795.10185pt.
 [17]
File: g_marche.pdf Graphic file (type pdf)

<use g_marche.pdf, page 1>
Package pdftex.def Info: g_marche.pdf, page1 used on input line 58.
(pdftex.def)             Requested size: 562.52745pt x 795.10185pt.
File: g_marche.pdf Graphic file (type pdf)
 <use g_marche.pdf, page 1>
Package pdftex.def Info: g_marche.pdf, page1 used on input line 58.
(pdftex.def)             Requested size: 562.52745pt x 795.10185pt.
File: g_marche.pdf Graphic file (type pdf)

<use g_marche.pdf, page 1>
Package pdftex.def Info: g_marche.pdf, page1 used on input line 58.
(pdftex.def)             Requested size: 562.52745pt x 795.10185pt.
 [18 <./g_marche.pdf>] (./par_sm_2017.aux) ) 
Here is how much of TeX's memory you used:
 4540 strings out of 493013
 63157 string characters out of 6135683
 142108 words of memory out of 5000000
 7997 multiletter control sequences out of 15000+600000
 9475 words of font info for 24 fonts, out of 8000000 for 9000
 1141 hyphenation exceptions out of 8191
 40i,18n,46p,255b,436s stack positions out of 5000i,500n,10000p,200000b,80000s
{/usr/share/texmf/fonts/enc/dvips/c
m-super/cm-super-t1.enc}</usr/share/texmf/fonts/type1/public/cm-super/sfbx1440.
pfb></usr/share/texmf/fonts/type1/public/cm-super/sfbx1728.pfb></usr/share/texm
f/fonts/type1/public/cm-super/sfrm1200.pfb></usr/share/texmf/fonts/type1/public
/cm-super/sfrm1440.pfb></usr/share/texmf/fonts/type1/public/cm-super/sfrm2074.p
fb>
Output written on par_sm_2017.pdf (18 pages, 2790608 bytes).
PDF statistics:
 1297 PDF objects out of 1440 (max. 8388607)
 689 compressed objects within 7 object streams
 0 named destinations out of 1000 (max. 500000)
 161 words of extra memory for PDF output out of 10000 (max. 10000000)

